GAS LISTING /tmp/cc7SkXvX.s 			page 1


   1               		.file	"main.c"
   2               	__SP_H__ = 0x3e
   3               	__SP_L__ = 0x3d
   4               	__SREG__ = 0x3f
   5               	__tmp_reg__ = 0
   6               	__zero_reg__ = 1
   7               		.stabs	"/home/szoke/AVR/rs232/",100,0,2,.Ltext0
   8               		.stabs	"main.c",100,0,2,.Ltext0
   9               		.text
  10               	.Ltext0:
  11               		.stabs	"gcc2_compiled.",60,0,0,0
  12               		.stabs	"int:t(0,1)=r(0,1);-32768;32767;",128,0,0,0
  13               		.stabs	"char:t(0,2)=@s8;r(0,2);0;255;",128,0,0,0
  14               		.stabs	"long int:t(0,3)=@s32;r(0,3);020000000000;017777777777;",128,0,0,0
  15               		.stabs	"unsigned int:t(0,4)=r(0,4);0;0177777;",128,0,0,0
  16               		.stabs	"long unsigned int:t(0,5)=@s32;r(0,5);0;037777777777;",128,0,0,0
  17               		.stabs	"long long int:t(0,6)=@s64;r(0,6);01000000000000000000000;0777777777777777777777;",128,0,0,
  18               		.stabs	"long long unsigned int:t(0,7)=@s64;r(0,7);0;01777777777777777777777;",128,0,0,0
  19               		.stabs	"short int:t(0,8)=r(0,8);-32768;32767;",128,0,0,0
  20               		.stabs	"short unsigned int:t(0,9)=r(0,9);0;0177777;",128,0,0,0
  21               		.stabs	"signed char:t(0,10)=@s8;r(0,10);-128;127;",128,0,0,0
  22               		.stabs	"unsigned char:t(0,11)=@s8;r(0,11);0;255;",128,0,0,0
  23               		.stabs	"float:t(0,12)=r(0,1);4;0;",128,0,0,0
  24               		.stabs	"double:t(0,13)=r(0,1);4;0;",128,0,0,0
  25               		.stabs	"long double:t(0,14)=r(0,1);4;0;",128,0,0,0
  26               		.stabs	"short _Fract:t(0,15)=r(0,1);1;0;",128,0,0,0
  27               		.stabs	"_Fract:t(0,16)=r(0,1);2;0;",128,0,0,0
  28               		.stabs	"long _Fract:t(0,17)=r(0,1);4;0;",128,0,0,0
  29               		.stabs	"long long _Fract:t(0,18)=r(0,1);8;0;",128,0,0,0
  30               		.stabs	"unsigned short _Fract:t(0,19)=r(0,1);1;0;",128,0,0,0
  31               		.stabs	"unsigned _Fract:t(0,20)=r(0,1);2;0;",128,0,0,0
  32               		.stabs	"unsigned long _Fract:t(0,21)=r(0,1);4;0;",128,0,0,0
  33               		.stabs	"unsigned long long _Fract:t(0,22)=r(0,1);8;0;",128,0,0,0
  34               		.stabs	"_Sat short _Fract:t(0,23)=r(0,1);1;0;",128,0,0,0
  35               		.stabs	"_Sat _Fract:t(0,24)=r(0,1);2;0;",128,0,0,0
  36               		.stabs	"_Sat long _Fract:t(0,25)=r(0,1);4;0;",128,0,0,0
  37               		.stabs	"_Sat long long _Fract:t(0,26)=r(0,1);8;0;",128,0,0,0
  38               		.stabs	"_Sat unsigned short _Fract:t(0,27)=r(0,1);1;0;",128,0,0,0
  39               		.stabs	"_Sat unsigned _Fract:t(0,28)=r(0,1);2;0;",128,0,0,0
  40               		.stabs	"_Sat unsigned long _Fract:t(0,29)=r(0,1);4;0;",128,0,0,0
  41               		.stabs	"_Sat unsigned long long _Fract:t(0,30)=r(0,1);8;0;",128,0,0,0
  42               		.stabs	"short _Accum:t(0,31)=r(0,1);2;0;",128,0,0,0
  43               		.stabs	"_Accum:t(0,32)=r(0,1);4;0;",128,0,0,0
  44               		.stabs	"long _Accum:t(0,33)=r(0,1);8;0;",128,0,0,0
  45               		.stabs	"long long _Accum:t(0,34)=r(0,1);8;0;",128,0,0,0
  46               		.stabs	"unsigned short _Accum:t(0,35)=r(0,1);2;0;",128,0,0,0
  47               		.stabs	"unsigned _Accum:t(0,36)=r(0,1);4;0;",128,0,0,0
  48               		.stabs	"unsigned long _Accum:t(0,37)=r(0,1);8;0;",128,0,0,0
  49               		.stabs	"unsigned long long _Accum:t(0,38)=r(0,1);8;0;",128,0,0,0
  50               		.stabs	"_Sat short _Accum:t(0,39)=r(0,1);2;0;",128,0,0,0
  51               		.stabs	"_Sat _Accum:t(0,40)=r(0,1);4;0;",128,0,0,0
  52               		.stabs	"_Sat long _Accum:t(0,41)=r(0,1);8;0;",128,0,0,0
  53               		.stabs	"_Sat long long _Accum:t(0,42)=r(0,1);8;0;",128,0,0,0
  54               		.stabs	"_Sat unsigned short _Accum:t(0,43)=r(0,1);2;0;",128,0,0,0
  55               		.stabs	"_Sat unsigned _Accum:t(0,44)=r(0,1);4;0;",128,0,0,0
  56               		.stabs	"_Sat unsigned long _Accum:t(0,45)=r(0,1);8;0;",128,0,0,0
  57               		.stabs	"_Sat unsigned long long _Accum:t(0,46)=r(0,1);8;0;",128,0,0,0
GAS LISTING /tmp/cc7SkXvX.s 			page 2


  58               		.stabs	"void:t(0,47)=(0,47)",128,0,0,0
  59               		.stabs	"/usr/lib/avr/include/avr/io.h",130,0,0,0
  60               		.stabs	"/usr/lib/avr/include/avr/sfr_defs.h",130,0,0,0
  61               		.stabs	"/usr/lib/avr/include/inttypes.h",130,0,0,0
  62               		.stabs	"/usr/lib/gcc/avr/4.8.1/include/stdint.h",130,0,0,0
  63               		.stabs	"/usr/lib/avr/include/stdint.h",130,0,0,0
  64               		.stabs	"int8_t:t(5,1)=(0,10)",128,0,121,0
  65               		.stabs	"uint8_t:t(5,2)=(0,11)",128,0,122,0
  66               		.stabs	"int16_t:t(5,3)=(0,1)",128,0,123,0
  67               		.stabs	"uint16_t:t(5,4)=(0,4)",128,0,124,0
  68               		.stabs	"int32_t:t(5,5)=(0,3)",128,0,125,0
  69               		.stabs	"uint32_t:t(5,6)=(0,5)",128,0,126,0
  70               		.stabs	"int64_t:t(5,7)=(0,6)",128,0,128,0
  71               		.stabs	"uint64_t:t(5,8)=(0,7)",128,0,129,0
  72               		.stabs	"intptr_t:t(5,9)=(5,3)",128,0,142,0
  73               		.stabs	"uintptr_t:t(5,10)=(5,4)",128,0,147,0
  74               		.stabs	"int_least8_t:t(5,11)=(5,1)",128,0,159,0
  75               		.stabs	"uint_least8_t:t(5,12)=(5,2)",128,0,164,0
  76               		.stabs	"int_least16_t:t(5,13)=(5,3)",128,0,169,0
  77               		.stabs	"uint_least16_t:t(5,14)=(5,4)",128,0,174,0
  78               		.stabs	"int_least32_t:t(5,15)=(5,5)",128,0,179,0
  79               		.stabs	"uint_least32_t:t(5,16)=(5,6)",128,0,184,0
  80               		.stabs	"int_least64_t:t(5,17)=(5,7)",128,0,192,0
  81               		.stabs	"uint_least64_t:t(5,18)=(5,8)",128,0,199,0
  82               		.stabs	"int_fast8_t:t(5,19)=(5,1)",128,0,213,0
  83               		.stabs	"uint_fast8_t:t(5,20)=(5,2)",128,0,218,0
  84               		.stabs	"int_fast16_t:t(5,21)=(5,3)",128,0,223,0
  85               		.stabs	"uint_fast16_t:t(5,22)=(5,4)",128,0,228,0
  86               		.stabs	"int_fast32_t:t(5,23)=(5,5)",128,0,233,0
  87               		.stabs	"uint_fast32_t:t(5,24)=(5,6)",128,0,238,0
  88               		.stabs	"int_fast64_t:t(5,25)=(5,7)",128,0,246,0
  89               		.stabs	"uint_fast64_t:t(5,26)=(5,8)",128,0,253,0
  90               		.stabs	"intmax_t:t(5,27)=(5,7)",128,0,273,0
  91               		.stabs	"uintmax_t:t(5,28)=(5,8)",128,0,278,0
  92               		.stabn	162,0,0,0
  93               		.stabn	162,0,0,0
  94               		.stabs	"int_farptr_t:t(3,1)=(5,5)",128,0,77,0
  95               		.stabs	"uint_farptr_t:t(3,2)=(5,6)",128,0,81,0
  96               		.stabn	162,0,0,0
  97               		.stabn	162,0,0,0
  98               		.stabs	"/usr/lib/avr/include/avr/fuse.h",130,0,0,0
  99               		.stabs	"__fuse_t:t(6,1)=(6,2)=s3low:(0,11),0,8;high:(0,11),8,8;extended:(0,11),16,8;;",128,0,244,0
 100               		.stabn	162,0,0,0
 101               		.stabn	162,0,0,0
 102               		.section	.rodata.str1.1,"aMS",@progbits,1
 103               	.LC0:
 104 0000 4865 6C6C 		.string	"Hello world!"
 104      6F20 776F 
 104      726C 6421 
 104      00
 105               		.section	.text.startup,"ax",@progbits
 106               		.stabs	"main:F(0,1)",36,0,5,main
 107               	.global	main
 108               		.type	main, @function
 109               	main:
 110               		.stabd	46,0,0
   1:main.c        **** #include <avr/io.h>
GAS LISTING /tmp/cc7SkXvX.s 			page 3


   2:main.c        **** #include "uart.h"
   3:main.c        **** 
   4:main.c        **** 
   5:main.c        **** int main(void)
   6:main.c        **** {
 111               		.stabn	68,0,6,.LM0-.LFBB1
 112               	.LM0:
 113               	.LFBB1:
 114               	/* prologue: function */
 115               	/* frame size = 0 */
 116               	/* stack size = 0 */
 117               	.L__stack_usage = 0
   7:main.c        ****     uartInit(BAUD_PS(9600));
 118               		.stabn	68,0,7,.LM1-.LFBB1
 119               	.LM1:
 120 0000 83E3      		ldi r24,lo8(51)
 121 0002 90E0      		ldi r25,0
 122 0004 0E94 0000 		call uartInit
   8:main.c        **** 
   9:main.c        ****     uartEnableTx();
 123               		.stabn	68,0,9,.LM2-.LFBB1
 124               	.LM2:
 125 0008 0E94 0000 		call uartEnableTx
  10:main.c        ****     uartEnableRx();
 126               		.stabn	68,0,10,.LM3-.LFBB1
 127               	.LM3:
 128 000c 0E94 0000 		call uartEnableRx
  11:main.c        **** 
  12:main.c        ****     uartwString("Hello world!");
 129               		.stabn	68,0,12,.LM4-.LFBB1
 130               	.LM4:
 131 0010 80E0      		ldi r24,lo8(.LC0)
 132 0012 90E0      		ldi r25,hi8(.LC0)
 133 0014 0E94 0000 		call uartwString
 134               	.L2:
  13:main.c        **** 
  14:main.c        ****     while(1)
  15:main.c        ****     {
  16:main.c        ****         uartwString(uartrString());
 135               		.stabn	68,0,16,.LM5-.LFBB1
 136               	.LM5:
 137 0018 0E94 0000 		call uartrString
 138 001c 0E94 0000 		call uartwString
  17:main.c        ****         uartwChar('\r');
 139               		.stabn	68,0,17,.LM6-.LFBB1
 140               	.LM6:
 141 0020 8DE0      		ldi r24,lo8(13)
 142 0022 0E94 0000 		call uartwChar
  18:main.c        ****         uartwChar('\n');
 143               		.stabn	68,0,18,.LM7-.LFBB1
 144               	.LM7:
 145 0026 8AE0      		ldi r24,lo8(10)
 146 0028 0E94 0000 		call uartwChar
 147 002c 00C0      		rjmp .L2
 148               		.size	main, .-main
 149               	.Lscope1:
 150               		.stabs	"",36,0,0,.Lscope1-.LFBB1
GAS LISTING /tmp/cc7SkXvX.s 			page 4


 151               		.stabd	78,0,0
 152               		.text
 153               		.stabs	"",100,0,0,.Letext0
 154               	.Letext0:
 155               		.ident	"GCC: (GNU) 4.8.1"
 156               	.global __do_copy_data
GAS LISTING /tmp/cc7SkXvX.s 			page 5


DEFINED SYMBOLS
                            *ABS*:0000000000000000 main.c
     /tmp/cc7SkXvX.s:2      *ABS*:000000000000003e __SP_H__
     /tmp/cc7SkXvX.s:3      *ABS*:000000000000003d __SP_L__
     /tmp/cc7SkXvX.s:4      *ABS*:000000000000003f __SREG__
     /tmp/cc7SkXvX.s:5      *ABS*:0000000000000000 __tmp_reg__
     /tmp/cc7SkXvX.s:6      *ABS*:0000000000000001 __zero_reg__
     /tmp/cc7SkXvX.s:109    .text.startup:0000000000000000 main

UNDEFINED SYMBOLS
uartInit
uartEnableTx
uartEnableRx
uartwString
uartrString
uartwChar
__do_copy_data
