GAS LISTING /tmp/cc5cKw1F.s 			page 1


   1               		.file	"uart.c"
   2               	__SP_H__ = 0x3e
   3               	__SP_L__ = 0x3d
   4               	__SREG__ = 0x3f
   5               	__tmp_reg__ = 0
   6               	__zero_reg__ = 1
   7               		.stabs	"/home/szoke/AVR/rs232/",100,0,2,.Ltext0
   8               		.stabs	"uart.c",100,0,2,.Ltext0
   9               		.text
  10               	.Ltext0:
  11               		.stabs	"gcc2_compiled.",60,0,0,0
  12               		.stabs	"int:t(0,1)=r(0,1);-32768;32767;",128,0,0,0
  13               		.stabs	"char:t(0,2)=@s8;r(0,2);0;255;",128,0,0,0
  14               		.stabs	"long int:t(0,3)=@s32;r(0,3);020000000000;017777777777;",128,0,0,0
  15               		.stabs	"unsigned int:t(0,4)=r(0,4);0;0177777;",128,0,0,0
  16               		.stabs	"long unsigned int:t(0,5)=@s32;r(0,5);0;037777777777;",128,0,0,0
  17               		.stabs	"long long int:t(0,6)=@s64;r(0,6);01000000000000000000000;0777777777777777777777;",128,0,0,
  18               		.stabs	"long long unsigned int:t(0,7)=@s64;r(0,7);0;01777777777777777777777;",128,0,0,0
  19               		.stabs	"short int:t(0,8)=r(0,8);-32768;32767;",128,0,0,0
  20               		.stabs	"short unsigned int:t(0,9)=r(0,9);0;0177777;",128,0,0,0
  21               		.stabs	"signed char:t(0,10)=@s8;r(0,10);-128;127;",128,0,0,0
  22               		.stabs	"unsigned char:t(0,11)=@s8;r(0,11);0;255;",128,0,0,0
  23               		.stabs	"float:t(0,12)=r(0,1);4;0;",128,0,0,0
  24               		.stabs	"double:t(0,13)=r(0,1);4;0;",128,0,0,0
  25               		.stabs	"long double:t(0,14)=r(0,1);4;0;",128,0,0,0
  26               		.stabs	"short _Fract:t(0,15)=r(0,1);1;0;",128,0,0,0
  27               		.stabs	"_Fract:t(0,16)=r(0,1);2;0;",128,0,0,0
  28               		.stabs	"long _Fract:t(0,17)=r(0,1);4;0;",128,0,0,0
  29               		.stabs	"long long _Fract:t(0,18)=r(0,1);8;0;",128,0,0,0
  30               		.stabs	"unsigned short _Fract:t(0,19)=r(0,1);1;0;",128,0,0,0
  31               		.stabs	"unsigned _Fract:t(0,20)=r(0,1);2;0;",128,0,0,0
  32               		.stabs	"unsigned long _Fract:t(0,21)=r(0,1);4;0;",128,0,0,0
  33               		.stabs	"unsigned long long _Fract:t(0,22)=r(0,1);8;0;",128,0,0,0
  34               		.stabs	"_Sat short _Fract:t(0,23)=r(0,1);1;0;",128,0,0,0
  35               		.stabs	"_Sat _Fract:t(0,24)=r(0,1);2;0;",128,0,0,0
  36               		.stabs	"_Sat long _Fract:t(0,25)=r(0,1);4;0;",128,0,0,0
  37               		.stabs	"_Sat long long _Fract:t(0,26)=r(0,1);8;0;",128,0,0,0
  38               		.stabs	"_Sat unsigned short _Fract:t(0,27)=r(0,1);1;0;",128,0,0,0
  39               		.stabs	"_Sat unsigned _Fract:t(0,28)=r(0,1);2;0;",128,0,0,0
  40               		.stabs	"_Sat unsigned long _Fract:t(0,29)=r(0,1);4;0;",128,0,0,0
  41               		.stabs	"_Sat unsigned long long _Fract:t(0,30)=r(0,1);8;0;",128,0,0,0
  42               		.stabs	"short _Accum:t(0,31)=r(0,1);2;0;",128,0,0,0
  43               		.stabs	"_Accum:t(0,32)=r(0,1);4;0;",128,0,0,0
  44               		.stabs	"long _Accum:t(0,33)=r(0,1);8;0;",128,0,0,0
  45               		.stabs	"long long _Accum:t(0,34)=r(0,1);8;0;",128,0,0,0
  46               		.stabs	"unsigned short _Accum:t(0,35)=r(0,1);2;0;",128,0,0,0
  47               		.stabs	"unsigned _Accum:t(0,36)=r(0,1);4;0;",128,0,0,0
  48               		.stabs	"unsigned long _Accum:t(0,37)=r(0,1);8;0;",128,0,0,0
  49               		.stabs	"unsigned long long _Accum:t(0,38)=r(0,1);8;0;",128,0,0,0
  50               		.stabs	"_Sat short _Accum:t(0,39)=r(0,1);2;0;",128,0,0,0
  51               		.stabs	"_Sat _Accum:t(0,40)=r(0,1);4;0;",128,0,0,0
  52               		.stabs	"_Sat long _Accum:t(0,41)=r(0,1);8;0;",128,0,0,0
  53               		.stabs	"_Sat long long _Accum:t(0,42)=r(0,1);8;0;",128,0,0,0
  54               		.stabs	"_Sat unsigned short _Accum:t(0,43)=r(0,1);2;0;",128,0,0,0
  55               		.stabs	"_Sat unsigned _Accum:t(0,44)=r(0,1);4;0;",128,0,0,0
  56               		.stabs	"_Sat unsigned long _Accum:t(0,45)=r(0,1);8;0;",128,0,0,0
  57               		.stabs	"_Sat unsigned long long _Accum:t(0,46)=r(0,1);8;0;",128,0,0,0
GAS LISTING /tmp/cc5cKw1F.s 			page 2


  58               		.stabs	"void:t(0,47)=(0,47)",128,0,0,0
  59               		.stabs	"uart.h",130,0,0,0
  60               		.stabs	"/usr/lib/avr/include/inttypes.h",130,0,0,0
  61               		.stabs	"/usr/lib/gcc/avr/4.8.1/include/stdint.h",130,0,0,0
  62               		.stabs	"/usr/lib/avr/include/stdint.h",130,0,0,0
  63               		.stabs	"int8_t:t(4,1)=(0,10)",128,0,121,0
  64               		.stabs	"uint8_t:t(4,2)=(0,11)",128,0,122,0
  65               		.stabs	"int16_t:t(4,3)=(0,1)",128,0,123,0
  66               		.stabs	"uint16_t:t(4,4)=(0,4)",128,0,124,0
  67               		.stabs	"int32_t:t(4,5)=(0,3)",128,0,125,0
  68               		.stabs	"uint32_t:t(4,6)=(0,5)",128,0,126,0
  69               		.stabs	"int64_t:t(4,7)=(0,6)",128,0,128,0
  70               		.stabs	"uint64_t:t(4,8)=(0,7)",128,0,129,0
  71               		.stabs	"intptr_t:t(4,9)=(4,3)",128,0,142,0
  72               		.stabs	"uintptr_t:t(4,10)=(4,4)",128,0,147,0
  73               		.stabs	"int_least8_t:t(4,11)=(4,1)",128,0,159,0
  74               		.stabs	"uint_least8_t:t(4,12)=(4,2)",128,0,164,0
  75               		.stabs	"int_least16_t:t(4,13)=(4,3)",128,0,169,0
  76               		.stabs	"uint_least16_t:t(4,14)=(4,4)",128,0,174,0
  77               		.stabs	"int_least32_t:t(4,15)=(4,5)",128,0,179,0
  78               		.stabs	"uint_least32_t:t(4,16)=(4,6)",128,0,184,0
  79               		.stabs	"int_least64_t:t(4,17)=(4,7)",128,0,192,0
  80               		.stabs	"uint_least64_t:t(4,18)=(4,8)",128,0,199,0
  81               		.stabs	"int_fast8_t:t(4,19)=(4,1)",128,0,213,0
  82               		.stabs	"uint_fast8_t:t(4,20)=(4,2)",128,0,218,0
  83               		.stabs	"int_fast16_t:t(4,21)=(4,3)",128,0,223,0
  84               		.stabs	"uint_fast16_t:t(4,22)=(4,4)",128,0,228,0
  85               		.stabs	"int_fast32_t:t(4,23)=(4,5)",128,0,233,0
  86               		.stabs	"uint_fast32_t:t(4,24)=(4,6)",128,0,238,0
  87               		.stabs	"int_fast64_t:t(4,25)=(4,7)",128,0,246,0
  88               		.stabs	"uint_fast64_t:t(4,26)=(4,8)",128,0,253,0
  89               		.stabs	"intmax_t:t(4,27)=(4,7)",128,0,273,0
  90               		.stabs	"uintmax_t:t(4,28)=(4,8)",128,0,278,0
  91               		.stabn	162,0,0,0
  92               		.stabn	162,0,0,0
  93               		.stabs	"int_farptr_t:t(2,1)=(4,5)",128,0,77,0
  94               		.stabs	"uint_farptr_t:t(2,2)=(4,6)",128,0,81,0
  95               		.stabn	162,0,0,0
  96               		.stabn	162,0,0,0
  97               		.stabs	"/usr/lib/avr/include/avr/io.h",130,0,0,0
  98               		.stabs	"/usr/lib/avr/include/avr/fuse.h",130,0,0,0
  99               		.stabs	"__fuse_t:t(6,1)=(6,2)=s3low:(0,11),0,8;high:(0,11),8,8;extended:(0,11),16,8;;",128,0,244,0
 100               		.stabn	162,0,0,0
 101               		.stabn	162,0,0,0
 102               		.stabs	"uartInit:F(0,47)",36,0,6,uartInit
 103               	.global	uartInit
 104               		.type	uartInit, @function
 105               	uartInit:
 106               		.stabd	46,0,0
   1:uart.c        **** #include "uart.h"
   2:uart.c        **** #include "sfr_helper.h"
   3:uart.c        **** 
   4:uart.c        **** #include <avr/io.h>
   5:uart.c        **** 
   6:uart.c        **** inline void uartInit(uint16_t baudPs)
   7:uart.c        **** {
 107               		.stabn	68,0,7,.LM0-.LFBB1
GAS LISTING /tmp/cc5cKw1F.s 			page 3


 108               	.LM0:
 109               	.LFBB1:
 110               	/* prologue: function */
 111               	/* frame size = 0 */
 112               	/* stack size = 0 */
 113               	.L__stack_usage = 0
   8:uart.c        ****     _SB(DDRD, PD1);
 114               		.stabn	68,0,8,.LM1-.LFBB1
 115               	.LM1:
 116 0000 519A      		sbi 0xa,1
   9:uart.c        **** 	_CB(DDRD, PD0);
 117               		.stabn	68,0,9,.LM2-.LFBB1
 118               	.LM2:
 119 0002 5098      		cbi 0xa,0
  10:uart.c        ****     UBRR0H = ((baudPs) & 0xF00);
 120               		.stabn	68,0,10,.LM3-.LFBB1
 121               	.LM3:
 122 0004 1092 C500 		sts 197,__zero_reg__
  11:uart.c        **** 	UBRR0L = (uint8_t) ((baudPs) & 0xFF);
 123               		.stabn	68,0,11,.LM4-.LFBB1
 124               	.LM4:
 125 0008 8093 C400 		sts 196,r24
 126 000c 0895      		ret
 127               		.size	uartInit, .-uartInit
 128               	.Lscope1:
 129               		.stabs	"",36,0,0,.Lscope1-.LFBB1
 130               		.stabd	78,0,0
 131               		.stabs	"uartEnableTx:F(0,47)",36,0,14,uartEnableTx
 132               	.global	uartEnableTx
 133               		.type	uartEnableTx, @function
 134               	uartEnableTx:
 135               		.stabd	46,0,0
  12:uart.c        **** }
  13:uart.c        **** 
  14:uart.c        **** inline void uartEnableTx(void)
  15:uart.c        **** {
 136               		.stabn	68,0,15,.LM5-.LFBB2
 137               	.LM5:
 138               	.LFBB2:
 139               	/* prologue: function */
 140               	/* frame size = 0 */
 141               	/* stack size = 0 */
 142               	.L__stack_usage = 0
  16:uart.c        ****     _SB(UCSR0B, TXEN0);
 143               		.stabn	68,0,16,.LM6-.LFBB2
 144               	.LM6:
 145 000e E1EC      		ldi r30,lo8(-63)
 146 0010 F0E0      		ldi r31,0
 147 0012 8081      		ld r24,Z
 148 0014 8860      		ori r24,lo8(8)
 149 0016 8083      		st Z,r24
 150 0018 0895      		ret
 151               		.size	uartEnableTx, .-uartEnableTx
 152               	.Lscope2:
 153               		.stabs	"",36,0,0,.Lscope2-.LFBB2
 154               		.stabd	78,0,0
 155               		.stabs	"uartDisableTx:F(0,47)",36,0,19,uartDisableTx
GAS LISTING /tmp/cc5cKw1F.s 			page 4


 156               	.global	uartDisableTx
 157               		.type	uartDisableTx, @function
 158               	uartDisableTx:
 159               		.stabd	46,0,0
  17:uart.c        **** }
  18:uart.c        **** 
  19:uart.c        **** inline void uartDisableTx(void)
  20:uart.c        **** {
 160               		.stabn	68,0,20,.LM7-.LFBB3
 161               	.LM7:
 162               	.LFBB3:
 163               	/* prologue: function */
 164               	/* frame size = 0 */
 165               	/* stack size = 0 */
 166               	.L__stack_usage = 0
  21:uart.c        ****     _CB(UCSR0B, TXEN0);
 167               		.stabn	68,0,21,.LM8-.LFBB3
 168               	.LM8:
 169 001a E1EC      		ldi r30,lo8(-63)
 170 001c F0E0      		ldi r31,0
 171 001e 8081      		ld r24,Z
 172 0020 877F      		andi r24,lo8(-9)
 173 0022 8083      		st Z,r24
 174 0024 0895      		ret
 175               		.size	uartDisableTx, .-uartDisableTx
 176               	.Lscope3:
 177               		.stabs	"",36,0,0,.Lscope3-.LFBB3
 178               		.stabd	78,0,0
 179               		.stabs	"uartEnableRx:F(0,47)",36,0,24,uartEnableRx
 180               	.global	uartEnableRx
 181               		.type	uartEnableRx, @function
 182               	uartEnableRx:
 183               		.stabd	46,0,0
  22:uart.c        **** }
  23:uart.c        **** 
  24:uart.c        **** inline void uartEnableRx(void)
  25:uart.c        **** {
 184               		.stabn	68,0,25,.LM9-.LFBB4
 185               	.LM9:
 186               	.LFBB4:
 187               	/* prologue: function */
 188               	/* frame size = 0 */
 189               	/* stack size = 0 */
 190               	.L__stack_usage = 0
  26:uart.c        ****     _SB(UCSR0B, RXEN0);
 191               		.stabn	68,0,26,.LM10-.LFBB4
 192               	.LM10:
 193 0026 E1EC      		ldi r30,lo8(-63)
 194 0028 F0E0      		ldi r31,0
 195 002a 8081      		ld r24,Z
 196 002c 8061      		ori r24,lo8(16)
 197 002e 8083      		st Z,r24
 198 0030 0895      		ret
 199               		.size	uartEnableRx, .-uartEnableRx
 200               	.Lscope4:
 201               		.stabs	"",36,0,0,.Lscope4-.LFBB4
 202               		.stabd	78,0,0
GAS LISTING /tmp/cc5cKw1F.s 			page 5


 203               		.stabs	"uartDisableRx:F(0,47)",36,0,29,uartDisableRx
 204               	.global	uartDisableRx
 205               		.type	uartDisableRx, @function
 206               	uartDisableRx:
 207               		.stabd	46,0,0
  27:uart.c        **** }
  28:uart.c        **** 
  29:uart.c        **** inline void uartDisableRx(void)
  30:uart.c        **** {
 208               		.stabn	68,0,30,.LM11-.LFBB5
 209               	.LM11:
 210               	.LFBB5:
 211               	/* prologue: function */
 212               	/* frame size = 0 */
 213               	/* stack size = 0 */
 214               	.L__stack_usage = 0
  31:uart.c        ****     _CB(UCSR0B, RXEN0);
 215               		.stabn	68,0,31,.LM12-.LFBB5
 216               	.LM12:
 217 0032 E1EC      		ldi r30,lo8(-63)
 218 0034 F0E0      		ldi r31,0
 219 0036 8081      		ld r24,Z
 220 0038 8F7E      		andi r24,lo8(-17)
 221 003a 8083      		st Z,r24
 222 003c 0895      		ret
 223               		.size	uartDisableRx, .-uartDisableRx
 224               	.Lscope5:
 225               		.stabs	"",36,0,0,.Lscope5-.LFBB5
 226               		.stabd	78,0,0
 227               		.stabs	"uartEnableTxInterrupt:F(0,47)",36,0,34,uartEnableTxInterrupt
 228               	.global	uartEnableTxInterrupt
 229               		.type	uartEnableTxInterrupt, @function
 230               	uartEnableTxInterrupt:
 231               		.stabd	46,0,0
  32:uart.c        **** }
  33:uart.c        **** 
  34:uart.c        **** inline void uartEnableTxInterrupt(void)
  35:uart.c        **** {
 232               		.stabn	68,0,35,.LM13-.LFBB6
 233               	.LM13:
 234               	.LFBB6:
 235               	/* prologue: function */
 236               	/* frame size = 0 */
 237               	/* stack size = 0 */
 238               	.L__stack_usage = 0
  36:uart.c        ****     _SB(UCSR0B, TXCIE0);
 239               		.stabn	68,0,36,.LM14-.LFBB6
 240               	.LM14:
 241 003e E1EC      		ldi r30,lo8(-63)
 242 0040 F0E0      		ldi r31,0
 243 0042 8081      		ld r24,Z
 244 0044 8064      		ori r24,lo8(64)
 245 0046 8083      		st Z,r24
 246 0048 0895      		ret
 247               		.size	uartEnableTxInterrupt, .-uartEnableTxInterrupt
 248               	.Lscope6:
 249               		.stabs	"",36,0,0,.Lscope6-.LFBB6
GAS LISTING /tmp/cc5cKw1F.s 			page 6


 250               		.stabd	78,0,0
 251               		.stabs	"uartDisableTxInterrupt:F(0,47)",36,0,39,uartDisableTxInterrupt
 252               	.global	uartDisableTxInterrupt
 253               		.type	uartDisableTxInterrupt, @function
 254               	uartDisableTxInterrupt:
 255               		.stabd	46,0,0
  37:uart.c        **** }
  38:uart.c        **** 
  39:uart.c        **** inline void uartDisableTxInterrupt(void)
  40:uart.c        **** {
 256               		.stabn	68,0,40,.LM15-.LFBB7
 257               	.LM15:
 258               	.LFBB7:
 259               	/* prologue: function */
 260               	/* frame size = 0 */
 261               	/* stack size = 0 */
 262               	.L__stack_usage = 0
  41:uart.c        ****     _CB(UCSR0B, TXCIE0);
 263               		.stabn	68,0,41,.LM16-.LFBB7
 264               	.LM16:
 265 004a E1EC      		ldi r30,lo8(-63)
 266 004c F0E0      		ldi r31,0
 267 004e 8081      		ld r24,Z
 268 0050 8F7B      		andi r24,lo8(-65)
 269 0052 8083      		st Z,r24
 270 0054 0895      		ret
 271               		.size	uartDisableTxInterrupt, .-uartDisableTxInterrupt
 272               	.Lscope7:
 273               		.stabs	"",36,0,0,.Lscope7-.LFBB7
 274               		.stabd	78,0,0
 275               		.stabs	"uartEnableRxInterrupt:F(0,47)",36,0,44,uartEnableRxInterrupt
 276               	.global	uartEnableRxInterrupt
 277               		.type	uartEnableRxInterrupt, @function
 278               	uartEnableRxInterrupt:
 279               		.stabd	46,0,0
  42:uart.c        **** }
  43:uart.c        **** 
  44:uart.c        **** inline void uartEnableRxInterrupt(void)
  45:uart.c        **** {
 280               		.stabn	68,0,45,.LM17-.LFBB8
 281               	.LM17:
 282               	.LFBB8:
 283               	/* prologue: function */
 284               	/* frame size = 0 */
 285               	/* stack size = 0 */
 286               	.L__stack_usage = 0
  46:uart.c        ****     _SB(UCSR0B, RXCIE0);
 287               		.stabn	68,0,46,.LM18-.LFBB8
 288               	.LM18:
 289 0056 E1EC      		ldi r30,lo8(-63)
 290 0058 F0E0      		ldi r31,0
 291 005a 8081      		ld r24,Z
 292 005c 8068      		ori r24,lo8(-128)
 293 005e 8083      		st Z,r24
 294 0060 0895      		ret
 295               		.size	uartEnableRxInterrupt, .-uartEnableRxInterrupt
 296               	.Lscope8:
GAS LISTING /tmp/cc5cKw1F.s 			page 7


 297               		.stabs	"",36,0,0,.Lscope8-.LFBB8
 298               		.stabd	78,0,0
 299               		.stabs	"uartDisableRxInterrupt:F(0,47)",36,0,49,uartDisableRxInterrupt
 300               	.global	uartDisableRxInterrupt
 301               		.type	uartDisableRxInterrupt, @function
 302               	uartDisableRxInterrupt:
 303               		.stabd	46,0,0
  47:uart.c        **** }
  48:uart.c        **** 
  49:uart.c        **** inline void uartDisableRxInterrupt(void)
  50:uart.c        **** {
 304               		.stabn	68,0,50,.LM19-.LFBB9
 305               	.LM19:
 306               	.LFBB9:
 307               	/* prologue: function */
 308               	/* frame size = 0 */
 309               	/* stack size = 0 */
 310               	.L__stack_usage = 0
  51:uart.c        ****     _CB(UCSR0B, RXCIE0);
 311               		.stabn	68,0,51,.LM20-.LFBB9
 312               	.LM20:
 313 0062 E1EC      		ldi r30,lo8(-63)
 314 0064 F0E0      		ldi r31,0
 315 0066 8081      		ld r24,Z
 316 0068 8F77      		andi r24,lo8(127)
 317 006a 8083      		st Z,r24
 318 006c 0895      		ret
 319               		.size	uartDisableRxInterrupt, .-uartDisableRxInterrupt
 320               	.Lscope9:
 321               		.stabs	"",36,0,0,.Lscope9-.LFBB9
 322               		.stabd	78,0,0
 323               		.stabs	"uartwChar:F(0,47)",36,0,54,uartwChar
 324               		.stabs	"data:P(4,2)",64,0,54,24
 325               	.global	uartwChar
 326               		.type	uartwChar, @function
 327               	uartwChar:
 328               		.stabd	46,0,0
  52:uart.c        **** }
  53:uart.c        **** 
  54:uart.c        **** void uartwChar(uint8_t data)
  55:uart.c        **** {
 329               		.stabn	68,0,55,.LM21-.LFBB10
 330               	.LM21:
 331               	.LFBB10:
 332               	/* prologue: function */
 333               	/* frame size = 0 */
 334               	/* stack size = 0 */
 335               	.L__stack_usage = 0
 336               	.L12:
  56:uart.c        ****     while(!_V(UCSR0A, UDRE0));
 337               		.stabn	68,0,56,.LM22-.LFBB10
 338               	.LM22:
 339 006e 9091 C000 		lds r25,192
 340 0072 95FF      		sbrs r25,5
 341 0074 00C0      		rjmp .L12
  57:uart.c        ****     UDR0 = (uint8_t)data;
 342               		.stabn	68,0,57,.LM23-.LFBB10
GAS LISTING /tmp/cc5cKw1F.s 			page 8


 343               	.LM23:
 344 0076 8093 C600 		sts 198,r24
 345 007a 0895      		ret
 346               		.size	uartwChar, .-uartwChar
 347               	.Lscope10:
 348               		.stabs	"",36,0,0,.Lscope10-.LFBB10
 349               		.stabd	78,0,0
 350               		.stabs	"uartrChar:F(4,2)",36,0,60,uartrChar
 351               	.global	uartrChar
 352               		.type	uartrChar, @function
 353               	uartrChar:
 354               		.stabd	46,0,0
  58:uart.c        **** }
  59:uart.c        **** 
  60:uart.c        **** uint8_t uartrChar(void)
  61:uart.c        **** {
 355               		.stabn	68,0,61,.LM24-.LFBB11
 356               	.LM24:
 357               	.LFBB11:
 358               	/* prologue: function */
 359               	/* frame size = 0 */
 360               	/* stack size = 0 */
 361               	.L__stack_usage = 0
 362               	.L16:
  62:uart.c        ****     while (!_V(UCSR0A, RXC0));
 363               		.stabn	68,0,62,.LM25-.LFBB11
 364               	.LM25:
 365 007c 8091 C000 		lds r24,192
 366 0080 87FF      		sbrs r24,7
 367 0082 00C0      		rjmp .L16
  63:uart.c        **** 	return (uint8_t) UDR0;
 368               		.stabn	68,0,63,.LM26-.LFBB11
 369               	.LM26:
 370 0084 8091 C600 		lds r24,198
  64:uart.c        **** }
 371               		.stabn	68,0,64,.LM27-.LFBB11
 372               	.LM27:
 373 0088 0895      		ret
 374               		.size	uartrChar, .-uartrChar
 375               	.Lscope11:
 376               		.stabs	"",36,0,0,.Lscope11-.LFBB11
 377               		.stabd	78,0,0
 378               		.stabs	"uartwString:F(0,47)",36,0,66,uartwString
 379               		.stabs	"str:P(0,48)=*(0,49)=k(0,2)",64,0,66,24
 380               	.global	uartwString
 381               		.type	uartwString, @function
 382               	uartwString:
 383               		.stabd	46,0,0
  65:uart.c        **** 
  66:uart.c        **** void uartwString(const char* str)
  67:uart.c        **** {
 384               		.stabn	68,0,67,.LM28-.LFBB12
 385               	.LM28:
 386               	.LFBB12:
 387 008a CF93      		push r28
 388 008c DF93      		push r29
 389               	/* prologue: function */
GAS LISTING /tmp/cc5cKw1F.s 			page 9


 390               	/* frame size = 0 */
 391               	/* stack size = 2 */
 392               	.L__stack_usage = 2
 393 008e EC01      		movw r28,r24
 394               	.L18:
  68:uart.c        ****     while (*str != '\0')
 395               		.stabn	68,0,68,.LM29-.LFBB12
 396               	.LM29:
 397 0090 8991      		ld r24,Y+
 398 0092 8823      		tst r24
 399 0094 01F0      		breq .L20
  69:uart.c        **** 	{
  70:uart.c        **** 		uartwChar(*(str++));
 400               		.stabn	68,0,70,.LM30-.LFBB12
 401               	.LM30:
 402 0096 0E94 0000 		call uartwChar
 403 009a 00C0      		rjmp .L18
 404               	.L20:
 405               	/* epilogue start */
  71:uart.c        **** 	}
  72:uart.c        **** }
 406               		.stabn	68,0,72,.LM31-.LFBB12
 407               	.LM31:
 408 009c DF91      		pop r29
 409 009e CF91      		pop r28
 410 00a0 0895      		ret
 411               		.size	uartwString, .-uartwString
 412               	.Lscope12:
 413               		.stabs	"",36,0,0,.Lscope12-.LFBB12
 414               		.stabd	78,0,0
 415               		.stabs	"uartrString:F(0,48)",36,0,74,uartrString
 416               	.global	uartrString
 417               		.type	uartrString, @function
 418               	uartrString:
 419               		.stabd	46,0,0
  73:uart.c        **** 
  74:uart.c        **** const char* uartrString(void)
  75:uart.c        **** {
 420               		.stabn	68,0,75,.LM32-.LFBB13
 421               	.LM32:
 422               	.LFBB13:
 423 00a2 CF93      		push r28
 424 00a4 DF93      		push r29
 425               	/* prologue: function */
 426               	/* frame size = 0 */
 427               	/* stack size = 2 */
 428               	.L__stack_usage = 2
  76:uart.c        ****     static char rxstr[16];
  77:uart.c        **** 	static char* temp;
  78:uart.c        **** 	temp = rxstr;
 429               		.stabn	68,0,78,.LM33-.LFBB13
 430               	.LM33:
 431 00a6 80E0      		ldi r24,lo8(rxstr.1569)
 432 00a8 90E0      		ldi r25,hi8(rxstr.1569)
 433 00aa 9093 0000 		sts temp.1570+1,r25
 434 00ae 8093 0000 		sts temp.1570,r24
 435               	.L22:
GAS LISTING /tmp/cc5cKw1F.s 			page 10


  79:uart.c        **** 
  80:uart.c        **** 	while((*temp = uartrChar()) != '\n')
 436               		.stabn	68,0,80,.LM34-.LFBB13
 437               	.LM34:
 438 00b2 C091 0000 		lds r28,temp.1570
 439 00b6 D091 0000 		lds r29,temp.1570+1
 440 00ba 0E94 0000 		call uartrChar
 441 00be 8883      		st Y,r24
 442 00c0 8A30      		cpi r24,lo8(10)
 443 00c2 01F0      		breq .L24
  81:uart.c        **** 	{
  82:uart.c        **** 		++temp;
 444               		.stabn	68,0,82,.LM35-.LFBB13
 445               	.LM35:
 446 00c4 2196      		adiw r28,1
 447 00c6 D093 0000 		sts temp.1570+1,r29
 448 00ca C093 0000 		sts temp.1570,r28
 449 00ce 00C0      		rjmp .L22
 450               	.L24:
  83:uart.c        **** 	}
  84:uart.c        **** 
  85:uart.c        **** 	return rxstr;
  86:uart.c        **** }
 451               		.stabn	68,0,86,.LM36-.LFBB13
 452               	.LM36:
 453 00d0 80E0      		ldi r24,lo8(rxstr.1569)
 454 00d2 90E0      		ldi r25,hi8(rxstr.1569)
 455               	/* epilogue start */
 456 00d4 DF91      		pop r29
 457 00d6 CF91      		pop r28
 458 00d8 0895      		ret
 459               		.size	uartrString, .-uartrString
 460               		.stabs	"rxstr:V(0,50)=ar(0,51)=r(0,51);0;0177777;;0;15;(0,2)",40,0,76,rxstr.1569
 461               		.stabs	"temp:V(0,52)=*(0,2)",40,0,77,temp.1570
 462               		.stabn	192,0,0,.LFBB13-.LFBB13
 463               		.stabn	224,0,0,.Lscope13-.LFBB13
 464               	.Lscope13:
 465               		.stabs	"",36,0,0,.Lscope13-.LFBB13
 466               		.stabd	78,0,0
 467               		.local	rxstr.1569
 468               		.comm	rxstr.1569,16,1
 469               		.local	temp.1570
 470               		.comm	temp.1570,2,1
 471               		.stabs	"",100,0,0,.Letext0
 472               	.Letext0:
 473               		.ident	"GCC: (GNU) 4.8.1"
 474               	.global __do_clear_bss
GAS LISTING /tmp/cc5cKw1F.s 			page 11


DEFINED SYMBOLS
                            *ABS*:0000000000000000 uart.c
     /tmp/cc5cKw1F.s:2      *ABS*:000000000000003e __SP_H__
     /tmp/cc5cKw1F.s:3      *ABS*:000000000000003d __SP_L__
     /tmp/cc5cKw1F.s:4      *ABS*:000000000000003f __SREG__
     /tmp/cc5cKw1F.s:5      *ABS*:0000000000000000 __tmp_reg__
     /tmp/cc5cKw1F.s:6      *ABS*:0000000000000001 __zero_reg__
     /tmp/cc5cKw1F.s:105    .text:0000000000000000 uartInit
     /tmp/cc5cKw1F.s:134    .text:000000000000000e uartEnableTx
     /tmp/cc5cKw1F.s:158    .text:000000000000001a uartDisableTx
     /tmp/cc5cKw1F.s:182    .text:0000000000000026 uartEnableRx
     /tmp/cc5cKw1F.s:206    .text:0000000000000032 uartDisableRx
     /tmp/cc5cKw1F.s:230    .text:000000000000003e uartEnableTxInterrupt
     /tmp/cc5cKw1F.s:254    .text:000000000000004a uartDisableTxInterrupt
     /tmp/cc5cKw1F.s:278    .text:0000000000000056 uartEnableRxInterrupt
     /tmp/cc5cKw1F.s:302    .text:0000000000000062 uartDisableRxInterrupt
     /tmp/cc5cKw1F.s:327    .text:000000000000006e uartwChar
     /tmp/cc5cKw1F.s:353    .text:000000000000007c uartrChar
     /tmp/cc5cKw1F.s:382    .text:000000000000008a uartwString
     /tmp/cc5cKw1F.s:418    .text:00000000000000a2 uartrString
                             .bss:0000000000000000 rxstr.1569
     /tmp/cc5cKw1F.s:468    .bss:0000000000000010 temp.1570

UNDEFINED SYMBOLS
__do_clear_bss
